        -:    0:Source:C:/Users/finch/Desktop/POO_PROYECTO-2/Juego/main.cpp
        -:    0:Graph:C:\Users\finch\Desktop\POO_PROYECTO-2\Juego\cmake-build-debug-coverage\CMakeFiles\proyectoJuego.dir\main.cpp.gcno
        -:    0:Data:C:\Users\finch\Desktop\POO_PROYECTO-2\Juego\cmake-build-debug-coverage\CMakeFiles\proyectoJuego.dir\main.cpp.gcda
        -:    0:Runs:1
        -:    0:Programs:1
        -:    1:#include "View/View.h"
        -:    2:
        -:    3:
function main called 1 returned 0% blocks executed 38%
        1:    4:int main() {
        1:    4-block  0
        1:    5:    Viewer vista;
        1:    5-block  0
call    0 returned 1
branch  1 taken 1 (fallthrough)
branch  2 taken 0 (throw)
    $$$$$:    5-block  1
call    3 never executed
    $$$$$:    5-block  2
    %%%%%:    5-block  3
call    4 never executed
        1:    6:    vista.iniciar();
        1:    6-block  0
call    0 returned 0
branch  1 taken 0 (fallthrough)
branch  2 taken 0 (throw)
    #####:    7:    return 0;
        -:    8:}
