        -:    0:Source:C:/Users/finch/Desktop/POO_PROYECTO-2/Juego/View/View.h
        -:    0:Graph:C:\Users\finch\Desktop\POO_PROYECTO-2\Juego\cmake-build-debug-coverage\CMakeFiles\proyectoJuego.dir\main.cpp.gcno
        -:    0:Data:C:\Users\finch\Desktop\POO_PROYECTO-2\Juego\cmake-build-debug-coverage\CMakeFiles\proyectoJuego.dir\main.cpp.gcda
        -:    0:Runs:1
        -:    0:Programs:1
        -:    1://
        -:    2:// Created by finch on 20/05/2021.
        -:    3://
        -:    4:
        -:    5:#ifndef PROYECTOJUEGO_VIEW_H
        -:    6:#define PROYECTOJUEGO_VIEW_H
        -:    7:
        -:    8:#include "../Controller/Controller.h"
        -:    9:
        -:   10:
function _ZN6ViewerD1Ev called 0 returned 0% blocks executed 0%
    #####:   11:class Viewer {
    $$$$$:   11-block  0
    $$$$$:   11-block  1
call    0 never executed
        -:   12:private:
        -:   13:    Controller controller;
        -:   14:public:
        -:   15:    Viewer();
        -:   16:    void iniciar();
        -:   17:};
        -:   18:
        -:   19:
        -:   20:#endif //PROYECTOJUEGO_VIEW_H
