        -:    0:Source:C:/Users/finch/Desktop/POO_PROYECTO-2/Juego/Controller/Controller.h
        -:    0:Graph:C:\Users\finch\Desktop\POO_PROYECTO-2\Juego\cmake-build-debug-coverage\CMakeFiles\proyectoJuego.dir\main.cpp.gcno
        -:    0:Data:C:\Users\finch\Desktop\POO_PROYECTO-2\Juego\cmake-build-debug-coverage\CMakeFiles\proyectoJuego.dir\main.cpp.gcda
        -:    0:Runs:1
        -:    0:Programs:1
        -:    1://
        -:    2:// Created by finch on 20/05/2021.
        -:    3://
        -:    4:
        -:    5:#ifndef PROYECTOJUEGO_CONTROLLER_H
        -:    6:#define PROYECTOJUEGO_CONTROLLER_H
        -:    7:
        -:    8:#include "../Model/Ventana.h"
        -:    9:
function _ZN10ControllerD1Ev called 0 returned 0% blocks executed 0%
    #####:   10:class Controller{
    $$$$$:   10-block  0
    $$$$$:   10-block  1
call    0 never executed
        -:   11:private:
        -:   12:    Ventana ventana;
        -:   13:public:
        -:   14:    Controller();
        -:   15:    void iniciarVentana();
        -:   16:};
        -:   17:
        -:   18:#endif //PROYECTOJUEGO_CONTROLLER_H
