        -:    0:Source:C:/Users/finch/Desktop/POO_PROYECTO-2/Juego/View/View.cpp
        -:    0:Graph:C:\Users\finch\Desktop\POO_PROYECTO-2\Juego\cmake-build-debug-coverage\CMakeFiles\proyectoJuego.dir\View\View.cpp.gcno
        -:    0:Data:C:\Users\finch\Desktop\POO_PROYECTO-2\Juego\cmake-build-debug-coverage\CMakeFiles\proyectoJuego.dir\View\View.cpp.gcda
        -:    0:Runs:1
        -:    0:Programs:1
        -:    1://
        -:    2:// Created by finch on 20/05/2021.
        -:    3://
        -:    4:
        -:    5:#include "View.h"
        -:    6:
function _ZN6ViewerC2Ev called 1 returned 100% blocks executed 100%
        2:    7:Viewer::Viewer() {
        1:    7-block  0
        1:    7-block  1
call    0 returned 1
        1:    8:}
        -:    9:
function _ZN6Viewer7iniciarEv called 1 returned 0% blocks executed 100%
        1:   10:void Viewer::iniciar() {
        1:   10-block  0
        1:   11:    controller.iniciarVentana();
        1:   11-block  0
call    0 returned 0
    #####:   12:}
        -:   13:
